  main.cpp
c:\users\kepor_000\desktop\pathfinder\practical04_graphs\main.cpp(41): warning C4018: '<' : signed/unsigned mismatch
c:\users\kepor_000\desktop\pathfinder\practical04_graphs\main.cpp(154): warning C4018: '<' : signed/unsigned mismatch
c:\users\kepor_000\desktop\pathfinder\practical04_graphs\graph.h(540): warning C4018: '<' : signed/unsigned mismatch
          c:\users\kepor_000\desktop\pathfinder\practical04_graphs\graph.h(452) : while compiling class template member function 'void Graph<std::string,int>::aStar(GraphNode<std::string,int> *,GraphNode<std::string,int> *,void (__cdecl *)(GraphNode<std::string,int> *),std::vector<Node *,std::allocator<_Ty>> &)'
          with
          [
              _Ty=Node *
          ]
          c:\users\kepor_000\desktop\pathfinder\practical04_graphs\main.cpp(143) : see reference to function template instantiation 'void Graph<std::string,int>::aStar(GraphNode<std::string,int> *,GraphNode<std::string,int> *,void (__cdecl *)(GraphNode<std::string,int> *),std::vector<Node *,std::allocator<_Ty>> &)' being compiled
          with
          [
              _Ty=Node *
          ]
          c:\users\kepor_000\desktop\pathfinder\practical04_graphs\main.cpp(69) : see reference to class template instantiation 'Graph<std::string,int>' being compiled
c:\users\kepor_000\desktop\pathfinder\practical04_graphs\graphnode.h(236): warning C4018: '<' : signed/unsigned mismatch
          c:\users\kepor_000\desktop\pathfinder\practical04_graphs\graphnode.h(234) : while compiling class template member function 'void GraphNode<std::string,int>::draw(sf::RenderWindow *)'
          c:\users\kepor_000\desktop\pathfinder\practical04_graphs\graph.h(560) : see reference to function template instantiation 'void GraphNode<std::string,int>::draw(sf::RenderWindow *)' being compiled
          c:\users\kepor_000\desktop\pathfinder\practical04_graphs\graph.h(112) : while compiling class template member function 'Graph<std::string,int>::~Graph(void)'
          c:\users\kepor_000\desktop\pathfinder\practical04_graphs\main.cpp(93) : see reference to function template instantiation 'Graph<std::string,int>::~Graph(void)' being compiled
  Practical04_Graphs.vcxproj -> C:\Users\kepor_000\Desktop\Pathfinder\Debug\Practical04_Graphs.exe
